Using pre-set license
Built from '2021.3/staging' branch; Version is '2021.3.8f1 (b30333d56e81) revision 11731763'; Using compiler version '192829333'; Build Type 'Release'
OS: 'Windows 10  (10.0.19042) 64bit Professional' Language: 'en' Physical Memory: 8125 MB
BatchMode: 1, IsHumanControllingUs: 0, StartBugReporterOnCrash: 0, Is64bit: 1, IsPro: 1

COMMAND LINE ARGUMENTS:
D:\Unity editor\2021.3.8f1\Editor\Unity.exe
-adb2
-batchMode
-noUpm
-name
AssetImportWorker1
-projectPath
D:/Gawala/Gawala/Gawala
-logFile
Logs/AssetImportWorker1.log
-srvPort
57889
Successfully changed project path to: D:/Gawala/Gawala/Gawala
D:/Gawala/Gawala/Gawala
[UnityMemory] Configuration Parameters - Can be set up in boot.config
    "memorysetup-bucket-allocator-granularity=16"
    "memorysetup-bucket-allocator-bucket-count=8"
    "memorysetup-bucket-allocator-block-size=33554432"
    "memorysetup-bucket-allocator-block-count=8"
    "memorysetup-main-allocator-block-size=16777216"
    "memorysetup-thread-allocator-block-size=16777216"
    "memorysetup-gfx-main-allocator-block-size=16777216"
    "memorysetup-gfx-thread-allocator-block-size=16777216"
    "memorysetup-cache-allocator-block-size=4194304"
    "memorysetup-typetree-allocator-block-size=2097152"
    "memorysetup-profiler-bucket-allocator-granularity=16"
    "memorysetup-profiler-bucket-allocator-bucket-count=8"
    "memorysetup-profiler-bucket-allocator-block-size=33554432"
    "memorysetup-profiler-bucket-allocator-block-count=8"
    "memorysetup-profiler-allocator-block-size=16777216"
    "memorysetup-profiler-editor-allocator-block-size=1048576"
    "memorysetup-temp-allocator-size-main=16777216"
    "memorysetup-job-temp-allocator-block-size=2097152"
    "memorysetup-job-temp-allocator-block-size-background=1048576"
    "memorysetup-job-temp-allocator-reduction-small-platforms=262144"
    "memorysetup-temp-allocator-size-background-worker=32768"
    "memorysetup-temp-allocator-size-job-worker=262144"
    "memorysetup-temp-allocator-size-preload-manager=33554432"
    "memorysetup-temp-allocator-size-nav-mesh-worker=65536"
    "memorysetup-temp-allocator-size-audio-worker=65536"
    "memorysetup-temp-allocator-size-cloud-worker=32768"
    "memorysetup-temp-allocator-size-gi-baking-worker=262144"
    "memorysetup-temp-allocator-size-gfx=262144"
Refreshing native plugins compatible for Editor in 80.34 ms, found 3 plugins.
Preloading 0 native plugins for Editor in 0.00 ms.
Initialize engine version: 2021.3.8f1 (b30333d56e81)
[Subsystems] Discovering subsystems at path D:/Unity editor/2021.3.8f1/Editor/Data/Resources/UnitySubsystems
[Subsystems] Discovering subsystems at path D:/Gawala/Gawala/Gawala/Assets
GfxDevice: creating device client; threaded=0; jobified=0
Direct3D:
    Version:  Direct3D 11.0 [level 11.1]
    Renderer: NVIDIA GeForce GTX 1050 Ti (ID=0x1c82)
    Vendor:   NVIDIA
    VRAM:     4018 MB
    Driver:   30.0.15.1123
Initialize mono
Mono path[0] = 'D:/Unity editor/2021.3.8f1/Editor/Data/Managed'
Mono path[1] = 'D:/Unity editor/2021.3.8f1/Editor/Data/MonoBleedingEdge/lib/mono/unityjit-win32'
Mono config path = 'D:/Unity editor/2021.3.8f1/Editor/Data/MonoBleedingEdge/etc'
Using monoOptions --debugger-agent=transport=dt_socket,embedding=1,server=y,suspend=n,address=127.0.0.1:56848
Begin MonoManager ReloadAssembly
Registering precompiled unity dll's ...
Register platform support module: D:/Unity editor/2021.3.8f1/Editor/Data/PlaybackEngines/AndroidPlayer/UnityEditor.Android.Extensions.dll
Register platform support module: D:/Unity editor/2021.3.8f1/Editor/Data/PlaybackEngines/WindowsStandaloneSupport/UnityEditor.WindowsStandalone.Extensions.dll
Registered in 0.002898 seconds.
Native extension for WindowsStandalone target not found
Native extension for Android target not found
Refreshing native plugins compatible for Editor in 78.45 ms, found 3 plugins.
Preloading 0 native plugins for Editor in 0.00 ms.
Mono: successfully reloaded assembly
- Completed reload, in  0.664 seconds
Domain Reload Profiling:
	ReloadAssembly (665ms)
		BeginReloadAssembly (76ms)
			ExecutionOrderSort (0ms)
			DisableScriptedObjects (0ms)
			BackupInstance (0ms)
			ReleaseScriptingObjects (0ms)
			CreateAndSetChildDomain (1ms)
		EndReloadAssembly (489ms)
			LoadAssemblies (75ms)
			RebuildTransferFunctionScriptingTraits (0ms)
			SetupTypeCache (118ms)
			ReleaseScriptCaches (0ms)
			RebuildScriptCaches (31ms)
			SetupLoadedEditorAssemblies (291ms)
				LogAssemblyErrors (0ms)
				InitializePlatformSupportModulesInManaged (53ms)
				SetLoadedEditorAssemblies (0ms)
				RefreshPlugins (79ms)
				BeforeProcessingInitializeOnLoad (1ms)
				ProcessInitializeOnLoadAttributes (111ms)
				ProcessInitializeOnLoadMethodAttributes (47ms)
				AfterProcessingInitializeOnLoad (0ms)
				EditorAssembliesLoaded (0ms)
			ExecutionOrderSort2 (0ms)
			AwakeInstancesAfterBackupRestoration (0ms)
Platform modules already initialized, skipping
Registering precompiled user dll's ...
Registered in 0.004834 seconds.
Android Extension - Scanning For ADB Devices 6094 ms
Begin MonoManager ReloadAssembly
Symbol file LoadedFromMemory doesn't match image D:\Gawala\Gawala\Gawala\Library\PackageCache\com.unity.visualscripting@1.7.8\Editor\VisualScripting.Core\Dependencies\YamlDotNet\Unity.VisualScripting.YamlDotNet.dll
Symbol file LoadedFromMemory doesn't match image D:\Gawala\Gawala\Gawala\Library\PackageCache\com.unity.visualscripting@1.7.8\Editor\VisualScripting.Core\Dependencies\DotNetZip\Unity.VisualScripting.IonicZip.dll
Native extension for WindowsStandalone target not found
Native extension for Android target not found
Refreshing native plugins compatible for Editor in 0.78 ms, found 3 plugins.
Preloading 0 native plugins for Editor in 0.00 ms.
Mono: successfully reloaded assembly
Package Manager log level set to [2]
- Completed reload, in  2.167 seconds
Domain Reload Profiling:
	ReloadAssembly (2168ms)
		BeginReloadAssembly (151ms)
			ExecutionOrderSort (0ms)
			DisableScriptedObjects (21ms)
			BackupInstance (0ms)
			ReleaseScriptingObjects (0ms)
			CreateAndSetChildDomain (19ms)
		EndReloadAssembly (1905ms)
			LoadAssemblies (1162ms)
			RebuildTransferFunctionScriptingTraits (0ms)
			SetupTypeCache (245ms)
			ReleaseScriptCaches (1ms)
			RebuildScriptCaches (53ms)
			SetupLoadedEditorAssemblies (391ms)
				LogAssemblyErrors (0ms)
				InitializePlatformSupportModulesInManaged (12ms)
				SetLoadedEditorAssemblies (1ms)
				RefreshPlugins (1ms)
				BeforeProcessingInitializeOnLoad (80ms)
				ProcessInitializeOnLoadAttributes (266ms)
				ProcessInitializeOnLoadMethodAttributes (29ms)
				AfterProcessingInitializeOnLoad (3ms)
				EditorAssembliesLoaded (0ms)
			ExecutionOrderSort2 (0ms)
			AwakeInstancesAfterBackupRestoration (7ms)
Platform modules already initialized, skipping
========================================================================
Worker process is ready to serve import requests
Launched and connected shader compiler UnityShaderCompiler.exe after 0.35 seconds
Refreshing native plugins compatible for Editor in 1.22 ms, found 3 plugins.
Preloading 0 native plugins for Editor in 0.00 ms.
Unloading 3484 Unused Serialized files (Serialized files now loaded: 0)
Unloading 40 unused Assets / (55.6 KB). Loaded Objects now: 3930.
Memory consumption went from 118.3 MB to 118.3 MB.
Total: 3.501200 ms (FindLiveObjects: 0.368800 ms CreateObjectMapping: 0.263800 ms MarkObjects: 2.775600 ms  DeleteObjects: 0.090700 ms)

AssetImportParameters requested are different than current active one (requested -> active):
  custom:video-decoder-ogg-theora: a1e56fd34408186e4bbccfd4996cb3dc -> 
  custom:container-muxer-webm: aa71ff27fc2769a1b78a27578f13a17b -> 
  custom:container-demuxer-webm: 4f35f7cbe854078d1ac9338744f61a02 -> 
  custom:video-encoder-webm-vp8: eb34c28f22e8b96e1ab97ce403110664 -> 
  custom:audio-encoder-webm-vorbis: bf7c407c2cedff20999df2af8eb42d56 -> 
  custom:framework-win-MediaFoundation: 216162199b28c13a410421893ffa2e32 -> 
  custom:container-demuxer-ogg: 62fdf1f143b41e24485cea50d1cbac27 -> 
  custom:video-decoder-webm-vp8: 9c59270c3fd7afecdb556c50c9e8de78 -> 
  custom:audio-decoder-ogg-vorbis: bf7c407c2cedff20999df2af8eb42d56 -> 
========================================================================
Received Import Request.
  Time since last request: 229368.355743 seconds.
  path: Assets/New Terrain.asset
  artifactKey: Guid(ecfab7dc30ca4394b976081706cc295c) Importer(815301076,1909f56bfc062723c751e8b465ee728b)
Start importing Assets/New Terrain.asset using Guid(ecfab7dc30ca4394b976081706cc295c) Importer(815301076,1909f56bfc062723c751e8b465ee728b)  -> (artifact id: 'b6e46cde50bcee4d7e53a3f7d6610e91') in 0.216347 seconds 
========================================================================
Received Import Request.
  Time since last request: 0.000033 seconds.
  path: Assets/materials
  artifactKey: Guid(9268b3b00b52ed74abd3fad8b9fce01e) Importer(815301076,1909f56bfc062723c751e8b465ee728b)
Start importing Assets/materials using Guid(9268b3b00b52ed74abd3fad8b9fce01e) Importer(815301076,1909f56bfc062723c751e8b465ee728b)  -> (artifact id: '5a52aaea5231bf49626433594be96701') in 0.006173 seconds 
========================================================================
Received Import Request.
  Time since last request: 0.000056 seconds.
  path: Assets/Readme.asset
  artifactKey: Guid(7f2c382dc2c22446db59030979f6e495) Importer(815301076,1909f56bfc062723c751e8b465ee728b)
Start importing Assets/Readme.asset using Guid(7f2c382dc2c22446db59030979f6e495) Importer(815301076,1909f56bfc062723c751e8b465ee728b)  -> (artifact id: '3d17a924c9111fcd8d46c2db1ebc9921') in 0.050613 seconds 
========================================================================
Received Import Request.
  Time since last request: 0.000024 seconds.
  path: Assets/Scripts
  artifactKey: Guid(35b92a26b53be0d4a87ed344ce499115) Importer(815301076,1909f56bfc062723c751e8b465ee728b)
Start importing Assets/Scripts using Guid(35b92a26b53be0d4a87ed344ce499115) Importer(815301076,1909f56bfc062723c751e8b465ee728b)  -> (artifact id: '27332547e1089c679e81401c6f9c8841') in 0.004383 seconds 
========================================================================
Received Import Request.
  Time since last request: 0.000018 seconds.
  path: Assets/Scripts/player
  artifactKey: Guid(221810ce044fd5e44b873aaff4ea792a) Importer(815301076,1909f56bfc062723c751e8b465ee728b)
Start importing Assets/Scripts/player using Guid(221810ce044fd5e44b873aaff4ea792a) Importer(815301076,1909f56bfc062723c751e8b465ee728b)  -> (artifact id: 'af94e22912b570d961b4f6fb33c665dc') in 0.005102 seconds 
========================================================================
Received Import Request.
  Time since last request: 0.000041 seconds.
  path: Assets/Scenes
  artifactKey: Guid(30340b97d11d06a45ab35a95bc963c9a) Importer(815301076,1909f56bfc062723c751e8b465ee728b)
Start importing Assets/Scenes using Guid(30340b97d11d06a45ab35a95bc963c9a) Importer(815301076,1909f56bfc062723c751e8b465ee728b)  -> (artifact id: 'c9fe4fe827bfca8994c70f3db2081acb') in 0.006735 seconds 
========================================================================
Received Import Request.
  Time since last request: 0.000027 seconds.
  path: Assets/Editor
  artifactKey: Guid(9a2df797eb7ea8e44843144af9429b99) Importer(815301076,1909f56bfc062723c751e8b465ee728b)
Start importing Assets/Editor using Guid(9a2df797eb7ea8e44843144af9429b99) Importer(815301076,1909f56bfc062723c751e8b465ee728b)  -> (artifact id: '86fe348b1f5084850d974029330b1b78') in 0.005328 seconds 
========================================================================
Received Import Request.
  Time since last request: 0.000017 seconds.
  path: Assets/materials/player.mat
  artifactKey: Guid(870eb0bb6bb0a404792e7b982413dae7) Importer(815301076,1909f56bfc062723c751e8b465ee728b)
Start importing Assets/materials/player.mat using Guid(870eb0bb6bb0a404792e7b982413dae7) Importer(815301076,1909f56bfc062723c751e8b465ee728b)  -> (artifact id: '5a60d7832cea4b934da7ef64bf763ea6') in 1.154295 seconds 
========================================================================
Received Import Request.
  Time since last request: 584.458901 seconds.
  path: Assets/Editor/com.unity.mobile.notifications
  artifactKey: Guid(6d8e2e3178665be488e481c57be9527e) Importer(815301076,1909f56bfc062723c751e8b465ee728b)
Start importing Assets/Editor/com.unity.mobile.notifications using Guid(6d8e2e3178665be488e481c57be9527e) Importer(815301076,1909f56bfc062723c751e8b465ee728b)  -> (artifact id: 'f5bdb798967f3e6606817664e5d56e54') in 0.043163 seconds 
========================================================================
Received Import Request.
  Time since last request: 0.000022 seconds.
  path: Assets/Editor/com.unity.mobile.notifications/NotificationSettings.asset
  artifactKey: Guid(45a04f37e0f48c744acc0874c4a8918a) Importer(815301076,1909f56bfc062723c751e8b465ee728b)
Start importing Assets/Editor/com.unity.mobile.notifications/NotificationSettings.asset using Guid(45a04f37e0f48c744acc0874c4a8918a) Importer(815301076,1909f56bfc062723c751e8b465ee728b)  -> (artifact id: 'edd26eb088e12f403d71beaeef62f10b') in 0.043112 seconds 
========================================================================
Received Prepare
Refreshing native plugins compatible for Editor in 4.44 ms, found 3 plugins.
Preloading 0 native plugins for Editor in 0.00 ms.
Unloading 33 Unused Serialized files (Serialized files now loaded: 0)
Unloading 35 unused Assets / (0.5 MB). Loaded Objects now: 3972.
Memory consumption went from 54.8 MB to 54.3 MB.
Total: 16.260100 ms (FindLiveObjects: 0.288700 ms CreateObjectMapping: 0.184900 ms MarkObjects: 15.522800 ms  DeleteObjects: 0.262900 ms)

AssetImportParameters requested are different than current active one (requested -> active):
  custom:video-decoder-ogg-theora: a1e56fd34408186e4bbccfd4996cb3dc -> 
  custom:container-muxer-webm: aa71ff27fc2769a1b78a27578f13a17b -> 
  custom:container-demuxer-webm: 4f35f7cbe854078d1ac9338744f61a02 -> 
  custom:video-encoder-webm-vp8: eb34c28f22e8b96e1ab97ce403110664 -> 
  custom:audio-encoder-webm-vorbis: bf7c407c2cedff20999df2af8eb42d56 -> 
  custom:framework-win-MediaFoundation: 216162199b28c13a410421893ffa2e32 -> 
  custom:container-demuxer-ogg: 62fdf1f143b41e24485cea50d1cbac27 -> 
  custom:video-decoder-webm-vp8: 9c59270c3fd7afecdb556c50c9e8de78 -> 
  custom:audio-decoder-ogg-vorbis: bf7c407c2cedff20999df2af8eb42d56 -> 
========================================================================
Received Prepare
Refreshing native plugins compatible for Editor in 5.29 ms, found 3 plugins.
Preloading 0 native plugins for Editor in 0.00 ms.
Unloading 33 Unused Serialized files (Serialized files now loaded: 0)
Unloading 33 unused Assets / (21.9 KB). Loaded Objects now: 3972.
Memory consumption went from 54.3 MB to 54.3 MB.
Total: 3.007700 ms (FindLiveObjects: 0.295500 ms CreateObjectMapping: 0.185100 ms MarkObjects: 2.492200 ms  DeleteObjects: 0.034300 ms)

AssetImportParameters requested are different than current active one (requested -> active):
  custom:video-decoder-ogg-theora: a1e56fd34408186e4bbccfd4996cb3dc -> 
  custom:container-muxer-webm: aa71ff27fc2769a1b78a27578f13a17b -> 
  custom:container-demuxer-webm: 4f35f7cbe854078d1ac9338744f61a02 -> 
  custom:video-encoder-webm-vp8: eb34c28f22e8b96e1ab97ce403110664 -> 
  custom:audio-encoder-webm-vorbis: bf7c407c2cedff20999df2af8eb42d56 -> 
  custom:framework-win-MediaFoundation: 216162199b28c13a410421893ffa2e32 -> 
  custom:container-demuxer-ogg: 62fdf1f143b41e24485cea50d1cbac27 -> 
  custom:video-decoder-webm-vp8: 9c59270c3fd7afecdb556c50c9e8de78 -> 
  custom:audio-decoder-ogg-vorbis: bf7c407c2cedff20999df2af8eb42d56 -> 
========================================================================
Received Prepare
Registering precompiled user dll's ...
Registered in 0.023579 seconds.
Begin MonoManager ReloadAssembly
Symbol file LoadedFromMemory doesn't match image D:\Gawala\Gawala\Gawala\Library\PackageCache\com.unity.visualscripting@1.7.8\Editor\VisualScripting.Core\Dependencies\YamlDotNet\Unity.VisualScripting.YamlDotNet.dll
Symbol file LoadedFromMemory doesn't match image D:\Gawala\Gawala\Gawala\Library\PackageCache\com.unity.visualscripting@1.7.8\Editor\VisualScripting.Core\Dependencies\DotNetZip\Unity.VisualScripting.IonicZip.dll
Native extension for WindowsStandalone target not found
Native extension for Android target not found
Refreshing native plugins compatible for Editor in 0.67 ms, found 3 plugins.
Preloading 0 native plugins for Editor in 0.00 ms.
Mono: successfully reloaded assembly
- Completed reload, in  0.975 seconds
Domain Reload Profiling:
	ReloadAssembly (975ms)
		BeginReloadAssembly (174ms)
			ExecutionOrderSort (0ms)
			DisableScriptedObjects (4ms)
			BackupInstance (0ms)
			ReleaseScriptingObjects (0ms)
			CreateAndSetChildDomain (38ms)
		EndReloadAssembly (712ms)
			LoadAssemblies (129ms)
			RebuildTransferFunctionScriptingTraits (0ms)
			SetupTypeCache (232ms)
			ReleaseScriptCaches (1ms)
			RebuildScriptCaches (38ms)
			SetupLoadedEditorAssemblies (312ms)
				LogAssemblyErrors (0ms)
				InitializePlatformSupportModulesInManaged (21ms)
				SetLoadedEditorAssemblies (1ms)
				RefreshPlugins (1ms)
				BeforeProcessingInitializeOnLoad (55ms)
				ProcessInitializeOnLoadAttributes (198ms)
				ProcessInitializeOnLoadMethodAttributes (33ms)
				AfterProcessingInitializeOnLoad (3ms)
				EditorAssembliesLoaded (0ms)
			ExecutionOrderSort2 (0ms)
			AwakeInstancesAfterBackupRestoration (9ms)
Platform modules already initialized, skipping
Refreshing native plugins compatible for Editor in 2.22 ms, found 3 plugins.
Preloading 0 native plugins for Editor in 0.00 ms.
Unloading 3478 Unused Serialized files (Serialized files now loaded: 0)
Unloading 33 unused Assets / (25.7 KB). Loaded Objects now: 3974.
Memory consumption went from 123.1 MB to 123.1 MB.
Total: 3.105400 ms (FindLiveObjects: 0.282000 ms CreateObjectMapping: 0.200300 ms MarkObjects: 2.596900 ms  DeleteObjects: 0.025300 ms)

AssetImportParameters requested are different than current active one (requested -> active):
  custom:video-decoder-ogg-theora: a1e56fd34408186e4bbccfd4996cb3dc -> 
  custom:container-muxer-webm: aa71ff27fc2769a1b78a27578f13a17b -> 
  custom:container-demuxer-webm: 4f35f7cbe854078d1ac9338744f61a02 -> 
  custom:video-encoder-webm-vp8: eb34c28f22e8b96e1ab97ce403110664 -> 
  custom:audio-encoder-webm-vorbis: bf7c407c2cedff20999df2af8eb42d56 -> 
  custom:framework-win-MediaFoundation: 216162199b28c13a410421893ffa2e32 -> 
  custom:container-demuxer-ogg: 62fdf1f143b41e24485cea50d1cbac27 -> 
  custom:video-decoder-webm-vp8: 9c59270c3fd7afecdb556c50c9e8de78 -> 
  custom:audio-decoder-ogg-vorbis: bf7c407c2cedff20999df2af8eb42d56 -> 
========================================================================
Received Prepare
Registering precompiled user dll's ...
Registered in 0.003423 seconds.
Begin MonoManager ReloadAssembly
Symbol file LoadedFromMemory doesn't match image D:\Gawala\Gawala\Gawala\Library\PackageCache\com.unity.visualscripting@1.7.8\Editor\VisualScripting.Core\Dependencies\YamlDotNet\Unity.VisualScripting.YamlDotNet.dll
Symbol file LoadedFromMemory doesn't match image D:\Gawala\Gawala\Gawala\Library\PackageCache\com.unity.visualscripting@1.7.8\Editor\VisualScripting.Core\Dependencies\DotNetZip\Unity.VisualScripting.IonicZip.dll
Native extension for WindowsStandalone target not found
Native extension for Android target not found
Refreshing native plugins compatible for Editor in 0.67 ms, found 3 plugins.
Preloading 0 native plugins for Editor in 0.00 ms.
Mono: successfully reloaded assembly
- Completed reload, in  1.044 seconds
Domain Reload Profiling:
	ReloadAssembly (1045ms)
		BeginReloadAssembly (130ms)
			ExecutionOrderSort (0ms)
			DisableScriptedObjects (6ms)
			BackupInstance (0ms)
			ReleaseScriptingObjects (0ms)
			CreateAndSetChildDomain (34ms)
		EndReloadAssembly (827ms)
			LoadAssemblies (88ms)
			RebuildTransferFunctionScriptingTraits (0ms)
			SetupTypeCache (232ms)
			ReleaseScriptCaches (1ms)
			RebuildScriptCaches (39ms)
			SetupLoadedEditorAssemblies (414ms)
				LogAssemblyErrors (0ms)
				InitializePlatformSupportModulesInManaged (28ms)
				SetLoadedEditorAssemblies (1ms)
				RefreshPlugins (1ms)
				BeforeProcessingInitializeOnLoad (75ms)
				ProcessInitializeOnLoadAttributes (267ms)
				ProcessInitializeOnLoadMethodAttributes (40ms)
				AfterProcessingInitializeOnLoad (3ms)
				EditorAssembliesLoaded (0ms)
			ExecutionOrderSort2 (0ms)
			AwakeInstancesAfterBackupRestoration (8ms)
Platform modules already initialized, skipping
Refreshing native plugins compatible for Editor in 2.80 ms, found 3 plugins.
Preloading 0 native plugins for Editor in 0.00 ms.
Unloading 3478 Unused Serialized files (Serialized files now loaded: 0)
Unloading 33 unused Assets / (24.7 KB). Loaded Objects now: 3977.
Memory consumption went from 123.1 MB to 123.1 MB.
Total: 3.968700 ms (FindLiveObjects: 0.285300 ms CreateObjectMapping: 0.203100 ms MarkObjects: 3.447800 ms  DeleteObjects: 0.031400 ms)

AssetImportParameters requested are different than current active one (requested -> active):
  custom:video-decoder-ogg-theora: a1e56fd34408186e4bbccfd4996cb3dc -> 
  custom:container-muxer-webm: aa71ff27fc2769a1b78a27578f13a17b -> 
  custom:container-demuxer-webm: 4f35f7cbe854078d1ac9338744f61a02 -> 
  custom:video-encoder-webm-vp8: eb34c28f22e8b96e1ab97ce403110664 -> 
  custom:audio-encoder-webm-vorbis: bf7c407c2cedff20999df2af8eb42d56 -> 
  custom:framework-win-MediaFoundation: 216162199b28c13a410421893ffa2e32 -> 
  custom:container-demuxer-ogg: 62fdf1f143b41e24485cea50d1cbac27 -> 
  custom:video-decoder-webm-vp8: 9c59270c3fd7afecdb556c50c9e8de78 -> 
  custom:audio-decoder-ogg-vorbis: bf7c407c2cedff20999df2af8eb42d56 -> 
========================================================================
Received Import Request.
  Time since last request: 486.850349 seconds.
  path: Assets
  artifactKey: Guid(00000000000000001000000000000000) Importer(815301076,1909f56bfc062723c751e8b465ee728b)
Start importing Assets using Guid(00000000000000001000000000000000) Importer(815301076,1909f56bfc062723c751e8b465ee728b)  -> (artifact id: '79842766b460edbeab6a34051e857a80') in 0.012464 seconds 
========================================================================
Received Import Request.
  Time since last request: 7.272551 seconds.
  path: Assets/external assets
  artifactKey: Guid(8f917a135acff2f4c99df744d2b24b4a) Importer(815301076,1909f56bfc062723c751e8b465ee728b)
Start importing Assets/external assets using Guid(8f917a135acff2f4c99df744d2b24b4a) Importer(815301076,1909f56bfc062723c751e8b465ee728b)  -> (artifact id: '2bb99f8f02091d7ca14f2e520cd71f02') in 0.005677 seconds 
========================================================================
Received Import Request.
  Time since last request: 138.668668 seconds.
  path: Assets/external assets/57-moto1
  artifactKey: Guid(95262896155335d428bfbec2685aeaee) Importer(815301076,1909f56bfc062723c751e8b465ee728b)
Start importing Assets/external assets/57-moto1 using Guid(95262896155335d428bfbec2685aeaee) Importer(815301076,1909f56bfc062723c751e8b465ee728b)  -> (artifact id: 'efc21108187dc5b1b691611112bdeefc') in 0.023643 seconds 
========================================================================
Received Import Request.
  Time since last request: 0.816960 seconds.
  path: Assets/external assets/57-moto1/moto1
  artifactKey: Guid(b8e63ebd093a47641bd68370f8cb3ebf) Importer(815301076,1909f56bfc062723c751e8b465ee728b)
Start importing Assets/external assets/57-moto1/moto1 using Guid(b8e63ebd093a47641bd68370f8cb3ebf) Importer(815301076,1909f56bfc062723c751e8b465ee728b)  -> (artifact id: '546b5c3113df95fa26d179de149bade8') in 0.005500 seconds 
========================================================================
Received Import Request.
  Time since last request: 0.094259 seconds.
  path: Assets/external assets/57-moto1/moto1/gauge_rpm.png
  artifactKey: Guid(0123e79d446477b4db66493fb5548599) Importer(815301076,1909f56bfc062723c751e8b465ee728b)
Start importing Assets/external assets/57-moto1/moto1/gauge_rpm.png using Guid(0123e79d446477b4db66493fb5548599) Importer(815301076,1909f56bfc062723c751e8b465ee728b)  -> (artifact id: 'b60167865d87ad81f1b3ff508d484239') in 0.111841 seconds 
========================================================================
Received Import Request.
  Time since last request: 0.000020 seconds.
  path: Assets/external assets/57-moto1/moto1/motor.png
  artifactKey: Guid(ad0d5425e09438341bc18f6daa76c6d2) Importer(815301076,1909f56bfc062723c751e8b465ee728b)
Start importing Assets/external assets/57-moto1/moto1/motor.png using Guid(ad0d5425e09438341bc18f6daa76c6d2) Importer(815301076,1909f56bfc062723c751e8b465ee728b)  -> (artifact id: '5ff053f806ad316294e9600c7316cc2e') in 0.057788 seconds 
========================================================================
Received Import Request.
  Time since last request: 0.000027 seconds.
  path: Assets/external assets/57-moto1/moto1/Road07_col.jpg
  artifactKey: Guid(acd23f01c9f4b2448ba81141f209ff1c) Importer(815301076,1909f56bfc062723c751e8b465ee728b)
Start importing Assets/external assets/57-moto1/moto1/Road07_col.jpg using Guid(acd23f01c9f4b2448ba81141f209ff1c) Importer(815301076,1909f56bfc062723c751e8b465ee728b)  -> (artifact id: '453a4adb6dea82bf8ab82b23862045e8') in 0.074185 seconds 
========================================================================
Received Import Request.
  Time since last request: 0.000054 seconds.
  path: Assets/external assets/57-moto1/moto1/gauge_rpm_UV.png
  artifactKey: Guid(0d67073c9f3351847b7d60b748f1293b) Importer(815301076,1909f56bfc062723c751e8b465ee728b)
Start importing Assets/external assets/57-moto1/moto1/gauge_rpm_UV.png using Guid(0d67073c9f3351847b7d60b748f1293b) Importer(815301076,1909f56bfc062723c751e8b465ee728b)  -> (artifact id: 'd5686d3d18cc5c369344f1ea1dfc334e') in 0.020586 seconds 
========================================================================
Received Import Request.
  Time since last request: 0.000041 seconds.
  path: Assets/external assets/57-moto1/moto1/Road07_nrm.jpg
  artifactKey: Guid(9549daa1ac5438a418543aa64bc16df6) Importer(815301076,1909f56bfc062723c751e8b465ee728b)
Start importing Assets/external assets/57-moto1/moto1/Road07_nrm.jpg using Guid(9549daa1ac5438a418543aa64bc16df6) Importer(815301076,1909f56bfc062723c751e8b465ee728b)  -> (artifact id: 'e85c329ccd24f033978934015444e294') in 0.064467 seconds 
========================================================================
Received Import Request.
  Time since last request: 0.000026 seconds.
  path: Assets/external assets/57-moto1/moto1/km.png
  artifactKey: Guid(29474238f257639428b866d2d4e28594) Importer(815301076,1909f56bfc062723c751e8b465ee728b)
Start importing Assets/external assets/57-moto1/moto1/km.png using Guid(29474238f257639428b866d2d4e28594) Importer(815301076,1909f56bfc062723c751e8b465ee728b)  -> (artifact id: 'f9dce824b369433810a1e382014a583a') in 0.013683 seconds 
========================================================================
Received Import Request.
  Time since last request: 0.005043 seconds.
  path: Assets/external assets/57-moto1/moto1/rpm.png
  artifactKey: Guid(c35956c6a8fd4be418aec524fe065d11) Importer(815301076,1909f56bfc062723c751e8b465ee728b)
Start importing Assets/external assets/57-moto1/moto1/rpm.png using Guid(c35956c6a8fd4be418aec524fe065d11) Importer(815301076,1909f56bfc062723c751e8b465ee728b)  -> (artifact id: '7eedcd6d45d9498e31813ea51670bf6a') in 0.040437 seconds 
========================================================================
Received Import Request.
  Time since last request: 0.000040 seconds.
  path: Assets/external assets/57-moto1/moto1/Road07_rgh.jpg
  artifactKey: Guid(c5b41f89188defa44a66272db1bf32da) Importer(815301076,1909f56bfc062723c751e8b465ee728b)
Start importing Assets/external assets/57-moto1/moto1/Road07_rgh.jpg using Guid(c5b41f89188defa44a66272db1bf32da) Importer(815301076,1909f56bfc062723c751e8b465ee728b)  -> (artifact id: 'a16d4f2893c71dcf72b848bb8afa0a22') in 0.064201 seconds 
========================================================================
Received Import Request.
  Time since last request: 0.000035 seconds.
  path: Assets/external assets/57-moto1/moto1/gauge_speed_UV.png
  artifactKey: Guid(7af698fb899c5aa498540d20dcce02d1) Importer(815301076,1909f56bfc062723c751e8b465ee728b)
Start importing Assets/external assets/57-moto1/moto1/gauge_speed_UV.png using Guid(7af698fb899c5aa498540d20dcce02d1) Importer(815301076,1909f56bfc062723c751e8b465ee728b)  -> (artifact id: '87ef1aef77343e4dcb50c99232156bdc') in 0.020224 seconds 
========================================================================
Received Import Request.
  Time since last request: 0.000059 seconds.
  path: Assets/external assets/57-moto1/moto1/moto1.jpg
  artifactKey: Guid(8fc1a30482654db47ac845162153ae66) Importer(815301076,1909f56bfc062723c751e8b465ee728b)
Start importing Assets/external assets/57-moto1/moto1/moto1.jpg using Guid(8fc1a30482654db47ac845162153ae66) Importer(815301076,1909f56bfc062723c751e8b465ee728b)  -> (artifact id: 'f726023bae492ea951aa4d7f93559472') in 0.039310 seconds 
========================================================================
Received Import Request.
  Time since last request: 0.000028 seconds.
  path: Assets/external assets/57-moto1/moto1/Road07_disp.jpg
  artifactKey: Guid(01f78f146a2bdef4ba158e9b8a454e8b) Importer(815301076,1909f56bfc062723c751e8b465ee728b)
Start importing Assets/external assets/57-moto1/moto1/Road07_disp.jpg using Guid(01f78f146a2bdef4ba158e9b8a454e8b) Importer(815301076,1909f56bfc062723c751e8b465ee728b)  -> (artifact id: 'd192a0def10836d25da1ffb7112b8833') in 0.057823 seconds 
========================================================================
Received Import Request.
  Time since last request: 0.000033 seconds.
  path: Assets/external assets/57-moto1/moto1/moto2.jpg
  artifactKey: Guid(9303f754181be9d4ca040ba30052d678) Importer(815301076,1909f56bfc062723c751e8b465ee728b)
Start importing Assets/external assets/57-moto1/moto1/moto2.jpg using Guid(9303f754181be9d4ca040ba30052d678) Importer(815301076,1909f56bfc062723c751e8b465ee728b)  -> (artifact id: 'dd9df1de073d1f3ab042ed401ae62578') in 0.035937 seconds 
========================================================================
Received Import Request.
  Time since last request: 0.000021 seconds.
  path: Assets/external assets/57-moto1/moto1/gauge_speed.png
  artifactKey: Guid(e31c4828c4bbf1448ae7e805d91fb368) Importer(815301076,1909f56bfc062723c751e8b465ee728b)
Start importing Assets/external assets/57-moto1/moto1/gauge_speed.png using Guid(e31c4828c4bbf1448ae7e805d91fb368) Importer(815301076,1909f56bfc062723c751e8b465ee728b)  -> (artifact id: 'a517fce39e7b079bf26910c61fb8dedf') in 0.020456 seconds 
========================================================================
Received Import Request.
  Time since last request: 0.000028 seconds.
  path: Assets/external assets/57-moto1/moto1/moto3.jpg
  artifactKey: Guid(f0e8c8eacd025184dadd45e19a26c18c) Importer(815301076,1909f56bfc062723c751e8b465ee728b)
Start importing Assets/external assets/57-moto1/moto1/moto3.jpg using Guid(f0e8c8eacd025184dadd45e19a26c18c) Importer(815301076,1909f56bfc062723c751e8b465ee728b)  -> (artifact id: '2b2b82a279e64092a1dfb3b40a0e6e43') in 0.035816 seconds 
========================================================================
Received Import Request.
  Time since last request: 137.025834 seconds.
  path: Assets/external assets/57-moto1/moto1/motor 1.blend
  artifactKey: Guid(71e7d7e01f5e09c418e668ad75fb1363) Importer(815301076,1909f56bfc062723c751e8b465ee728b)
Start importing Assets/external assets/57-moto1/moto1/motor 1.blend using Guid(71e7d7e01f5e09c418e668ad75fb1363) Importer(815301076,1909f56bfc062723c751e8b465ee728b)  -> (artifact id: 'a21c0060fc6882336110fe2ea14bae6e') in 0.971036 seconds 
========================================================================
Received Import Request.
  Time since last request: 35.877031 seconds.
  path: Assets/external assets/57-moto1/moto1/motor 1.blend
  artifactKey: Guid(71e7d7e01f5e09c418e668ad75fb1363) Importer(815301076,1909f56bfc062723c751e8b465ee728b)
Start importing Assets/external assets/57-moto1/moto1/motor 1.blend using Guid(71e7d7e01f5e09c418e668ad75fb1363) Importer(815301076,1909f56bfc062723c751e8b465ee728b)  -> (artifact id: '699e647585c3ef48cd1e6efb89ec65b0') in 0.690756 seconds 
========================================================================
Received Import Request.
  Time since last request: 0.000039 seconds.
  path: Assets/external assets/57-moto1/moto1/Road07_nrm.jpg
  artifactKey: Guid(9549daa1ac5438a418543aa64bc16df6) Importer(815301076,1909f56bfc062723c751e8b465ee728b)
Start importing Assets/external assets/57-moto1/moto1/Road07_nrm.jpg using Guid(9549daa1ac5438a418543aa64bc16df6) Importer(815301076,1909f56bfc062723c751e8b465ee728b)  -> (artifact id: '3fe538c930e8fd5bb774e09fec4ff9eb') in 0.120316 seconds 
========================================================================
Received Import Request.
  Time since last request: 204.484770 seconds.
  path: Assets/external assets/57-moto1/moto1/motor.blend
  artifactKey: Guid(329ab5cafd8127f408e87ea34f7f018f) Importer(815301076,1909f56bfc062723c751e8b465ee728b)
Start importing Assets/external assets/57-moto1/moto1/motor.blend using Guid(329ab5cafd8127f408e87ea34f7f018f) Importer(815301076,1909f56bfc062723c751e8b465ee728b)  -> (artifact id: '9e23f8bbd2b786140f987ba0c05a64b1') in 0.003001 seconds 
========================================================================
Received Import Request.
  Time since last request: 25.465010 seconds.
  path: Assets/materials/Grey.mat
  artifactKey: Guid(1ff36bcbe6d6a3c438b93c4bde0a9321) Importer(815301076,1909f56bfc062723c751e8b465ee728b)
Start importing Assets/materials/Grey.mat using Guid(1ff36bcbe6d6a3c438b93c4bde0a9321) Importer(815301076,1909f56bfc062723c751e8b465ee728b)  -> (artifact id: 'c52ac85315a7d25f02eb4b29a11f1ca9') in 0.040514 seconds 
========================================================================
Received Import Request.
  Time since last request: 390.335883 seconds.
  path: Assets/materials/Grey.mat
  artifactKey: Guid(1ff36bcbe6d6a3c438b93c4bde0a9321) Importer(815301076,1909f56bfc062723c751e8b465ee728b)
Start importing Assets/materials/Grey.mat using Guid(1ff36bcbe6d6a3c438b93c4bde0a9321) Importer(815301076,1909f56bfc062723c751e8b465ee728b)  -> (artifact id: '79e955012436215ad538f331b2be16ee') in 0.014812 seconds 
========================================================================
Received Import Request.
  Time since last request: 4703.731262 seconds.
  path: Assets/Scripts/player/PlayerMovement.cs
  artifactKey: Guid(ce80d8200ba47fc459e3d62379d02f90) Importer(815301076,1909f56bfc062723c751e8b465ee728b)
Start importing Assets/Scripts/player/PlayerMovement.cs using Guid(ce80d8200ba47fc459e3d62379d02f90) Importer(815301076,1909f56bfc062723c751e8b465ee728b)  -> (artifact id: '19a975bb261aba6945da13920e03de18') in 0.142183 seconds 
