Using pre-set license
Built from '2021.3/staging' branch; Version is '2021.3.8f1 (b30333d56e81) revision 11731763'; Using compiler version '192829333'; Build Type 'Release'
OS: 'Windows 10  (10.0.19042) 64bit Professional' Language: 'en' Physical Memory: 8125 MB
BatchMode: 1, IsHumanControllingUs: 0, StartBugReporterOnCrash: 0, Is64bit: 1, IsPro: 1

COMMAND LINE ARGUMENTS:
D:\Unity editor\2021.3.8f1\Editor\Unity.exe
-adb2
-batchMode
-noUpm
-name
AssetImportWorker2
-projectPath
D:/Gawala/Gawala/Gawala
-logFile
Logs/AssetImportWorker2.log
-srvPort
50148
Successfully changed project path to: D:/Gawala/Gawala/Gawala
D:/Gawala/Gawala/Gawala
[UnityMemory] Configuration Parameters - Can be set up in boot.config
    "memorysetup-bucket-allocator-granularity=16"
    "memorysetup-bucket-allocator-bucket-count=8"
    "memorysetup-bucket-allocator-block-size=33554432"
    "memorysetup-bucket-allocator-block-count=8"
    "memorysetup-main-allocator-block-size=16777216"
    "memorysetup-thread-allocator-block-size=16777216"
    "memorysetup-gfx-main-allocator-block-size=16777216"
    "memorysetup-gfx-thread-allocator-block-size=16777216"
    "memorysetup-cache-allocator-block-size=4194304"
    "memorysetup-typetree-allocator-block-size=2097152"
    "memorysetup-profiler-bucket-allocator-granularity=16"
    "memorysetup-profiler-bucket-allocator-bucket-count=8"
    "memorysetup-profiler-bucket-allocator-block-size=33554432"
    "memorysetup-profiler-bucket-allocator-block-count=8"
    "memorysetup-profiler-allocator-block-size=16777216"
    "memorysetup-profiler-editor-allocator-block-size=1048576"
    "memorysetup-temp-allocator-size-main=16777216"
    "memorysetup-job-temp-allocator-block-size=2097152"
    "memorysetup-job-temp-allocator-block-size-background=1048576"
    "memorysetup-job-temp-allocator-reduction-small-platforms=262144"
    "memorysetup-temp-allocator-size-background-worker=32768"
    "memorysetup-temp-allocator-size-job-worker=262144"
    "memorysetup-temp-allocator-size-preload-manager=33554432"
    "memorysetup-temp-allocator-size-nav-mesh-worker=65536"
    "memorysetup-temp-allocator-size-audio-worker=65536"
    "memorysetup-temp-allocator-size-cloud-worker=32768"
    "memorysetup-temp-allocator-size-gi-baking-worker=262144"
    "memorysetup-temp-allocator-size-gfx=262144"
Refreshing native plugins compatible for Editor in 118.83 ms, found 3 plugins.
Preloading 0 native plugins for Editor in 0.00 ms.
Initialize engine version: 2021.3.8f1 (b30333d56e81)
[Subsystems] Discovering subsystems at path D:/Unity editor/2021.3.8f1/Editor/Data/Resources/UnitySubsystems
[Subsystems] Discovering subsystems at path D:/Gawala/Gawala/Gawala/Assets
GfxDevice: creating device client; threaded=0; jobified=0
Direct3D:
    Version:  Direct3D 11.0 [level 11.1]
    Renderer: NVIDIA GeForce GTX 1050 Ti (ID=0x1c82)
    Vendor:   NVIDIA
    VRAM:     4018 MB
    Driver:   30.0.15.1123
Initialize mono
Mono path[0] = 'D:/Unity editor/2021.3.8f1/Editor/Data/Managed'
Mono path[1] = 'D:/Unity editor/2021.3.8f1/Editor/Data/MonoBleedingEdge/lib/mono/unityjit-win32'
Mono config path = 'D:/Unity editor/2021.3.8f1/Editor/Data/MonoBleedingEdge/etc'
Using monoOptions --debugger-agent=transport=dt_socket,embedding=1,server=y,suspend=n,address=127.0.0.1:56292
Begin MonoManager ReloadAssembly
Registering precompiled unity dll's ...
Register platform support module: D:/Unity editor/2021.3.8f1/Editor/Data/PlaybackEngines/AndroidPlayer/UnityEditor.Android.Extensions.dll
Register platform support module: D:/Unity editor/2021.3.8f1/Editor/Data/PlaybackEngines/WindowsStandaloneSupport/UnityEditor.WindowsStandalone.Extensions.dll
Registered in 0.043832 seconds.
Native extension for WindowsStandalone target not found
Native extension for Android target not found
Refreshing native plugins compatible for Editor in 76.71 ms, found 3 plugins.
Preloading 0 native plugins for Editor in 0.00 ms.
Mono: successfully reloaded assembly
- Completed reload, in  0.751 seconds
Domain Reload Profiling:
	ReloadAssembly (751ms)
		BeginReloadAssembly (145ms)
			ExecutionOrderSort (0ms)
			DisableScriptedObjects (0ms)
			BackupInstance (0ms)
			ReleaseScriptingObjects (0ms)
			CreateAndSetChildDomain (1ms)
		EndReloadAssembly (468ms)
			LoadAssemblies (146ms)
			RebuildTransferFunctionScriptingTraits (0ms)
			SetupTypeCache (117ms)
			ReleaseScriptCaches (0ms)
			RebuildScriptCaches (29ms)
			SetupLoadedEditorAssemblies (276ms)
				LogAssemblyErrors (0ms)
				InitializePlatformSupportModulesInManaged (52ms)
				SetLoadedEditorAssemblies (0ms)
				RefreshPlugins (77ms)
				BeforeProcessingInitializeOnLoad (1ms)
				ProcessInitializeOnLoadAttributes (100ms)
				ProcessInitializeOnLoadMethodAttributes (45ms)
				AfterProcessingInitializeOnLoad (0ms)
				EditorAssembliesLoaded (0ms)
			ExecutionOrderSort2 (0ms)
			AwakeInstancesAfterBackupRestoration (0ms)
Platform modules already initialized, skipping
Registering precompiled user dll's ...
Registered in 0.003616 seconds.
Android Extension - Scanning For ADB Devices 6081 ms
Begin MonoManager ReloadAssembly
Symbol file LoadedFromMemory doesn't match image D:\Gawala\Gawala\Gawala\Library\PackageCache\com.unity.visualscripting@1.7.8\Editor\VisualScripting.Core\Dependencies\YamlDotNet\Unity.VisualScripting.YamlDotNet.dll
Symbol file LoadedFromMemory doesn't match image D:\Gawala\Gawala\Gawala\Library\PackageCache\com.unity.visualscripting@1.7.8\Editor\VisualScripting.Core\Dependencies\DotNetZip\Unity.VisualScripting.IonicZip.dll
Native extension for WindowsStandalone target not found
Native extension for Android target not found
Refreshing native plugins compatible for Editor in 1.01 ms, found 3 plugins.
Preloading 0 native plugins for Editor in 0.00 ms.
Mono: successfully reloaded assembly
Package Manager log level set to [2]
- Completed reload, in  2.133 seconds
Domain Reload Profiling:
	ReloadAssembly (2134ms)
		BeginReloadAssembly (154ms)
			ExecutionOrderSort (0ms)
			DisableScriptedObjects (7ms)
			BackupInstance (0ms)
			ReleaseScriptingObjects (0ms)
			CreateAndSetChildDomain (27ms)
		EndReloadAssembly (1836ms)
			LoadAssemblies (116ms)
			RebuildTransferFunctionScriptingTraits (0ms)
			SetupTypeCache (952ms)
			ReleaseScriptCaches (1ms)
			RebuildScriptCaches (85ms)
			SetupLoadedEditorAssemblies (614ms)
				LogAssemblyErrors (0ms)
				InitializePlatformSupportModulesInManaged (21ms)
				SetLoadedEditorAssemblies (0ms)
				RefreshPlugins (1ms)
				BeforeProcessingInitializeOnLoad (103ms)
				ProcessInitializeOnLoadAttributes (443ms)
				ProcessInitializeOnLoadMethodAttributes (43ms)
				AfterProcessingInitializeOnLoad (3ms)
				EditorAssembliesLoaded (0ms)
			ExecutionOrderSort2 (0ms)
			AwakeInstancesAfterBackupRestoration (9ms)
Platform modules already initialized, skipping
========================================================================
Worker process is ready to serve import requests
Launched and connected shader compiler UnityShaderCompiler.exe after 0.20 seconds
Refreshing native plugins compatible for Editor in 0.80 ms, found 3 plugins.
Preloading 0 native plugins for Editor in 0.00 ms.
Unloading 3491 Unused Serialized files (Serialized files now loaded: 0)
Unloading 40 unused Assets / (55.6 KB). Loaded Objects now: 3938.
Memory consumption went from 118.9 MB to 118.8 MB.
Total: 2.670200 ms (FindLiveObjects: 0.279400 ms CreateObjectMapping: 0.196000 ms MarkObjects: 2.121000 ms  DeleteObjects: 0.073200 ms)

AssetImportParameters requested are different than current active one (requested -> active):
  custom:video-decoder-ogg-theora: a1e56fd34408186e4bbccfd4996cb3dc -> 
  custom:container-muxer-webm: aa71ff27fc2769a1b78a27578f13a17b -> 
  custom:container-demuxer-webm: 4f35f7cbe854078d1ac9338744f61a02 -> 
  custom:video-encoder-webm-vp8: eb34c28f22e8b96e1ab97ce403110664 -> 
  custom:audio-encoder-webm-vorbis: bf7c407c2cedff20999df2af8eb42d56 -> 
  custom:framework-win-MediaFoundation: 216162199b28c13a410421893ffa2e32 -> 
  custom:container-demuxer-ogg: 62fdf1f143b41e24485cea50d1cbac27 -> 
  custom:video-decoder-webm-vp8: 9c59270c3fd7afecdb556c50c9e8de78 -> 
  custom:audio-decoder-ogg-vorbis: bf7c407c2cedff20999df2af8eb42d56 -> 
========================================================================
Received Import Request.
  Time since last request: 715819.556476 seconds.
  path: Assets/Scripts/player/Player_Controller.cs
  artifactKey: Guid(b0d0f75aaaae80c4aa523a04e5c1d469) Importer(815301076,1909f56bfc062723c751e8b465ee728b)
Start importing Assets/Scripts/player/Player_Controller.cs using Guid(b0d0f75aaaae80c4aa523a04e5c1d469) Importer(815301076,1909f56bfc062723c751e8b465ee728b)  -> (artifact id: '34dea12464092cd4b0348b47d06fb861') in 0.119584 seconds 
========================================================================
Received Import Request.
  Time since last request: 35.581739 seconds.
  path: Assets/external assets/UnityMotorbikeController-main
  artifactKey: Guid(a75afb2e3d5558344b7ab7a44e4f2081) Importer(815301076,1909f56bfc062723c751e8b465ee728b)
Start importing Assets/external assets/UnityMotorbikeController-main using Guid(a75afb2e3d5558344b7ab7a44e4f2081) Importer(815301076,1909f56bfc062723c751e8b465ee728b)  -> (artifact id: '448bc584e005c99fc07fcbc6202a458c') in 0.007227 seconds 
========================================================================
Received Import Request.
  Time since last request: 0.733078 seconds.
  path: Assets/external assets/UnityMotorbikeController-main/UnityMotorbikeController-main
  artifactKey: Guid(b7e74a3e30a09bc41a5460b1a7212744) Importer(815301076,1909f56bfc062723c751e8b465ee728b)
Start importing Assets/external assets/UnityMotorbikeController-main/UnityMotorbikeController-main using Guid(b7e74a3e30a09bc41a5460b1a7212744) Importer(815301076,1909f56bfc062723c751e8b465ee728b)  -> (artifact id: '0b048fd4e67386d44326115578c5066c') in 0.003118 seconds 
========================================================================
Received Import Request.
  Time since last request: 1.141714 seconds.
  path: Assets/external assets/UnityMotorbikeController-main/UnityMotorbikeController-main/Assets
  artifactKey: Guid(f626964391c27fd4687e2d3d7dbdb803) Importer(815301076,1909f56bfc062723c751e8b465ee728b)
Start importing Assets/external assets/UnityMotorbikeController-main/UnityMotorbikeController-main/Assets using Guid(f626964391c27fd4687e2d3d7dbdb803) Importer(815301076,1909f56bfc062723c751e8b465ee728b)  -> (artifact id: 'b26d600f66dde34f630c95c9dfceea3b') in 0.021185 seconds 
========================================================================
Received Import Request.
  Time since last request: 0.974442 seconds.
  path: Assets/external assets/UnityMotorbikeController-main/UnityMotorbikeController-main/Assets/MyBike
  artifactKey: Guid(beba33f1013404b3589bfa8a52fc89db) Importer(815301076,1909f56bfc062723c751e8b465ee728b)
Start importing Assets/external assets/UnityMotorbikeController-main/UnityMotorbikeController-main/Assets/MyBike using Guid(beba33f1013404b3589bfa8a52fc89db) Importer(815301076,1909f56bfc062723c751e8b465ee728b)  -> (artifact id: '63dbb7a7cc7343a18cbac5b59811248b') in 0.007224 seconds 
========================================================================
Received Import Request.
  Time since last request: 0.083701 seconds.
  path: Assets/external assets/UnityMotorbikeController-main/UnityMotorbikeController-main/Assets/MyBike/Body.mat
  artifactKey: Guid(0552c060f9a9849bcaa201d13b4de260) Importer(815301076,1909f56bfc062723c751e8b465ee728b)
Start importing Assets/external assets/UnityMotorbikeController-main/UnityMotorbikeController-main/Assets/MyBike/Body.mat using Guid(0552c060f9a9849bcaa201d13b4de260) Importer(815301076,1909f56bfc062723c751e8b465ee728b)  -> (artifact id: '2b01774d66e707efac1e480606047ad7') in 0.522103 seconds 
========================================================================
Received Import Request.
  Time since last request: 0.000026 seconds.
  path: Assets/external assets/UnityMotorbikeController-main/UnityMotorbikeController-main/Assets/MyBike/MainBody.mat
  artifactKey: Guid(323ce8c7469224863bb37824481a2a93) Importer(815301076,1909f56bfc062723c751e8b465ee728b)
Start importing Assets/external assets/UnityMotorbikeController-main/UnityMotorbikeController-main/Assets/MyBike/MainBody.mat using Guid(323ce8c7469224863bb37824481a2a93) Importer(815301076,1909f56bfc062723c751e8b465ee728b)  -> (artifact id: '72fe93a032827a8ba2c08d8d259fcbb7') in 0.022390 seconds 
========================================================================
Received Import Request.
  Time since last request: 0.000023 seconds.
  path: Assets/external assets/UnityMotorbikeController-main/UnityMotorbikeController-main/Assets/MyBike/Wheel.mat
  artifactKey: Guid(5fa930567e5734d7388d9bba1d30b717) Importer(815301076,1909f56bfc062723c751e8b465ee728b)
Start importing Assets/external assets/UnityMotorbikeController-main/UnityMotorbikeController-main/Assets/MyBike/Wheel.mat using Guid(5fa930567e5734d7388d9bba1d30b717) Importer(815301076,1909f56bfc062723c751e8b465ee728b)  -> (artifact id: '22a4503c28208a7392fcbc8884b23f75') in 0.026117 seconds 
========================================================================
Received Import Request.
  Time since last request: 0.000021 seconds.
  path: Assets/external assets/UnityMotorbikeController-main/UnityMotorbikeController-main/Assets/MyBike/CalibrationFloor_Dark.png
  artifactKey: Guid(10ed44d07327b4aa1b0114b7df47277d) Importer(815301076,1909f56bfc062723c751e8b465ee728b)
Start importing Assets/external assets/UnityMotorbikeController-main/UnityMotorbikeController-main/Assets/MyBike/CalibrationFloor_Dark.png using Guid(10ed44d07327b4aa1b0114b7df47277d) Importer(815301076,1909f56bfc062723c751e8b465ee728b)  -> (artifact id: '20f884e556f893226f3e51b6a52d675b') in 0.373466 seconds 
========================================================================
Received Import Request.
  Time since last request: 0.000028 seconds.
  path: Assets/external assets/UnityMotorbikeController-main/UnityMotorbikeController-main/Assets/MyBike/Glass 3.mat
  artifactKey: Guid(e39e6c3ee9c2d4db4a53e8197fae8836) Importer(815301076,1909f56bfc062723c751e8b465ee728b)
Start importing Assets/external assets/UnityMotorbikeController-main/UnityMotorbikeController-main/Assets/MyBike/Glass 3.mat using Guid(e39e6c3ee9c2d4db4a53e8197fae8836) Importer(815301076,1909f56bfc062723c751e8b465ee728b)  -> (artifact id: 'e47bcd0b509d0479cf661c19f013e168') in 0.014491 seconds 
========================================================================
Received Import Request.
  Time since last request: 0.000024 seconds.
  path: Assets/external assets/UnityMotorbikeController-main/UnityMotorbikeController-main/Assets/MyBike/Glass 2.mat
  artifactKey: Guid(4ed0f2caa3447427c83cafc7bcd0c77e) Importer(815301076,1909f56bfc062723c751e8b465ee728b)
Start importing Assets/external assets/UnityMotorbikeController-main/UnityMotorbikeController-main/Assets/MyBike/Glass 2.mat using Guid(4ed0f2caa3447427c83cafc7bcd0c77e) Importer(815301076,1909f56bfc062723c751e8b465ee728b)  -> (artifact id: '843b8b7f54359f6d0a25a4b64a4d90f0') in 0.015759 seconds 
========================================================================
Received Import Request.
  Time since last request: 0.000031 seconds.
  path: Assets/external assets/UnityMotorbikeController-main/UnityMotorbikeController-main/Assets/MyBike/Ground.mat
  artifactKey: Guid(1a42dc9c8cd424ab6a78f88982ac3ec3) Importer(815301076,1909f56bfc062723c751e8b465ee728b)
Start importing Assets/external assets/UnityMotorbikeController-main/UnityMotorbikeController-main/Assets/MyBike/Ground.mat using Guid(1a42dc9c8cd424ab6a78f88982ac3ec3) Importer(815301076,1909f56bfc062723c751e8b465ee728b)  -> (artifact id: 'e2e62fb7f5e139dc4bae470d6da66677') in 0.080438 seconds 
========================================================================
Received Import Request.
  Time since last request: 0.000038 seconds.
  path: Assets/external assets/UnityMotorbikeController-main/UnityMotorbikeController-main/Assets/MyBike/MyMotorBike.prefab
  artifactKey: Guid(b6d3c6bc860874525a8ceb42cf46a04d) Importer(815301076,1909f56bfc062723c751e8b465ee728b)
Start importing Assets/external assets/UnityMotorbikeController-main/UnityMotorbikeController-main/Assets/MyBike/MyMotorBike.prefab using Guid(b6d3c6bc860874525a8ceb42cf46a04d) Importer(815301076,1909f56bfc062723c751e8b465ee728b)  -> (artifact id: '7cd9fd8cb8d1b26f053f9ebf5f60b025') in 0.368476 seconds 
========================================================================
Received Import Request.
  Time since last request: 0.000078 seconds.
  path: Assets/external assets/UnityMotorbikeController-main/UnityMotorbikeController-main/Assets/MyBike/Wheel 1.mat
  artifactKey: Guid(f7f8826969ff74dd8b91c2613d892642) Importer(815301076,1909f56bfc062723c751e8b465ee728b)
Start importing Assets/external assets/UnityMotorbikeController-main/UnityMotorbikeController-main/Assets/MyBike/Wheel 1.mat using Guid(f7f8826969ff74dd8b91c2613d892642) Importer(815301076,1909f56bfc062723c751e8b465ee728b)  -> (artifact id: '657cc38fd2152367cb3057dc14a5c668') in 0.038747 seconds 
========================================================================
Received Import Request.
  Time since last request: 2.368603 seconds.
  path: Assets/external assets/UnityMotorbikeController-main/UnityMotorbikeController-main/Assets/MyBike/Models
  artifactKey: Guid(0fcbceb0aeecb4c55a0ca16c5dc30d89) Importer(815301076,1909f56bfc062723c751e8b465ee728b)
Start importing Assets/external assets/UnityMotorbikeController-main/UnityMotorbikeController-main/Assets/MyBike/Models using Guid(0fcbceb0aeecb4c55a0ca16c5dc30d89) Importer(815301076,1909f56bfc062723c751e8b465ee728b)  -> (artifact id: '3d7e4b2fd3aa8ae3775f5171103bd32f') in 0.021787 seconds 
========================================================================
Received Import Request.
  Time since last request: 1.240891 seconds.
  path: Assets/external assets/UnityMotorbikeController-main/UnityMotorbikeController-main/Assets/MyBike/Models/Motorbikes
  artifactKey: Guid(9e7772982b0bb456d92c2c3f67682ca0) Importer(815301076,1909f56bfc062723c751e8b465ee728b)
Start importing Assets/external assets/UnityMotorbikeController-main/UnityMotorbikeController-main/Assets/MyBike/Models/Motorbikes using Guid(9e7772982b0bb456d92c2c3f67682ca0) Importer(815301076,1909f56bfc062723c751e8b465ee728b)  -> (artifact id: '55800998d0d72a03961b3ba9b098071e') in 0.033948 seconds 
========================================================================
Received Import Request.
  Time since last request: 1.511728 seconds.
  path: Assets/external assets/UnityMotorbikeController-main/UnityMotorbikeController-main/Assets/MyBike/Models/Motorbikes/Motorbike (Racer)
  artifactKey: Guid(f0e5b0def86cd4c5e8be24c3dec4c8d0) Importer(815301076,1909f56bfc062723c751e8b465ee728b)
Start importing Assets/external assets/UnityMotorbikeController-main/UnityMotorbikeController-main/Assets/MyBike/Models/Motorbikes/Motorbike (Racer) using Guid(f0e5b0def86cd4c5e8be24c3dec4c8d0) Importer(815301076,1909f56bfc062723c751e8b465ee728b)  -> (artifact id: '88bddaf2a09ea8b69e0b006e6da5af9f') in 0.007080 seconds 
========================================================================
Received Import Request.
  Time since last request: 0.058775 seconds.
  path: Assets/external assets/UnityMotorbikeController-main/UnityMotorbikeController-main/Assets/MyBike/Models/Motorbikes/Motorbike (Racer)/motorbike1.FBX
  artifactKey: Guid(917feec2b09f73c4b8ee77d8b3d6a1a7) Importer(815301076,1909f56bfc062723c751e8b465ee728b)
Start importing Assets/external assets/UnityMotorbikeController-main/UnityMotorbikeController-main/Assets/MyBike/Models/Motorbikes/Motorbike (Racer)/motorbike1.FBX using Guid(917feec2b09f73c4b8ee77d8b3d6a1a7) Importer(815301076,1909f56bfc062723c751e8b465ee728b)  -> (artifact id: 'bf87b675b735b1944da0b1ece56d85e9') in 0.488738 seconds 
========================================================================
Received Import Request.
  Time since last request: 11.147786 seconds.
  path: Assets/external assets/UnityMotorbikeController-main/UnityMotorbikeController-main/README.md
  artifactKey: Guid(8b80e7f2b37bf3942883153ea5741913) Importer(815301076,1909f56bfc062723c751e8b465ee728b)
Start importing Assets/external assets/UnityMotorbikeController-main/UnityMotorbikeController-main/README.md using Guid(8b80e7f2b37bf3942883153ea5741913) Importer(815301076,1909f56bfc062723c751e8b465ee728b)  -> (artifact id: 'cab93fc79258a64fd7036a623b72b57a') in 0.073138 seconds 
========================================================================
Received Import Request.
  Time since last request: 14.337373 seconds.
  path: Assets/external assets/UnityMotorbikeController-main/UnityMotorbikeController-main/ProjectSettings
  artifactKey: Guid(ad27d44074862824fbff9133588123b0) Importer(815301076,1909f56bfc062723c751e8b465ee728b)
Start importing Assets/external assets/UnityMotorbikeController-main/UnityMotorbikeController-main/ProjectSettings using Guid(ad27d44074862824fbff9133588123b0) Importer(815301076,1909f56bfc062723c751e8b465ee728b)  -> (artifact id: 'efb33d6a66d5a125ec9fbf56a76c5007') in 0.009096 seconds 
========================================================================
Received Import Request.
  Time since last request: 2.327065 seconds.
  path: Assets/external assets/UnityMotorbikeController-main/UnityMotorbikeController-main/UserSettings
  artifactKey: Guid(1226afa16048c034cb30f74af0c69531) Importer(815301076,1909f56bfc062723c751e8b465ee728b)
Start importing Assets/external assets/UnityMotorbikeController-main/UnityMotorbikeController-main/UserSettings using Guid(1226afa16048c034cb30f74af0c69531) Importer(815301076,1909f56bfc062723c751e8b465ee728b)  -> (artifact id: '4047cb707079517eda9b2aa9d402fea9') in 0.007124 seconds 
========================================================================
Received Import Request.
  Time since last request: 0.628727 seconds.
  path: Assets/external assets/UnityMotorbikeController-main/UnityMotorbikeController-main/Packages
  artifactKey: Guid(182a2d8b9cacf5340860f1159f6082d2) Importer(815301076,1909f56bfc062723c751e8b465ee728b)
Start importing Assets/external assets/UnityMotorbikeController-main/UnityMotorbikeController-main/Packages using Guid(182a2d8b9cacf5340860f1159f6082d2) Importer(815301076,1909f56bfc062723c751e8b465ee728b)  -> (artifact id: '922def9e15ba14007380f14af37f35c9') in 0.017634 seconds 
========================================================================
Received Prepare
Registering precompiled user dll's ...
Registered in 0.004604 seconds.
Begin MonoManager ReloadAssembly
Symbol file LoadedFromMemory doesn't match image D:\Gawala\Gawala\Gawala\Library\PackageCache\com.unity.visualscripting@1.7.8\Editor\VisualScripting.Core\Dependencies\YamlDotNet\Unity.VisualScripting.YamlDotNet.dll
Symbol file LoadedFromMemory doesn't match image D:\Gawala\Gawala\Gawala\Library\PackageCache\com.unity.visualscripting@1.7.8\Editor\VisualScripting.Core\Dependencies\DotNetZip\Unity.VisualScripting.IonicZip.dll
Native extension for WindowsStandalone target not found
Native extension for Android target not found
Refreshing native plugins compatible for Editor in 0.69 ms, found 3 plugins.
Preloading 0 native plugins for Editor in 0.00 ms.
Mono: successfully reloaded assembly
- Completed reload, in  1.208 seconds
Domain Reload Profiling:
	ReloadAssembly (1210ms)
		BeginReloadAssembly (228ms)
			ExecutionOrderSort (0ms)
			DisableScriptedObjects (8ms)
			BackupInstance (0ms)
			ReleaseScriptingObjects (0ms)
			CreateAndSetChildDomain (59ms)
		EndReloadAssembly (838ms)
			LoadAssemblies (218ms)
			RebuildTransferFunctionScriptingTraits (0ms)
			SetupTypeCache (298ms)
			ReleaseScriptCaches (1ms)
			RebuildScriptCaches (39ms)
			SetupLoadedEditorAssemblies (303ms)
				LogAssemblyErrors (0ms)
				InitializePlatformSupportModulesInManaged (19ms)
				SetLoadedEditorAssemblies (0ms)
				RefreshPlugins (1ms)
				BeforeProcessingInitializeOnLoad (56ms)
				ProcessInitializeOnLoadAttributes (197ms)
				ProcessInitializeOnLoadMethodAttributes (27ms)
				AfterProcessingInitializeOnLoad (2ms)
				EditorAssembliesLoaded (0ms)
			ExecutionOrderSort2 (0ms)
			AwakeInstancesAfterBackupRestoration (8ms)
Platform modules already initialized, skipping
Refreshing native plugins compatible for Editor in 14.14 ms, found 3 plugins.
Preloading 0 native plugins for Editor in 0.00 ms.
Unloading 3479 Unused Serialized files (Serialized files now loaded: 0)
Unloading 39 unused Assets / (24.7 KB). Loaded Objects now: 3981.
Memory consumption went from 123.3 MB to 123.3 MB.
Total: 3.541800 ms (FindLiveObjects: 0.295800 ms CreateObjectMapping: 0.184900 ms MarkObjects: 3.010600 ms  DeleteObjects: 0.049400 ms)

AssetImportParameters requested are different than current active one (requested -> active):
  custom:video-decoder-ogg-theora: a1e56fd34408186e4bbccfd4996cb3dc -> 
  custom:container-muxer-webm: aa71ff27fc2769a1b78a27578f13a17b -> 
  custom:container-demuxer-webm: 4f35f7cbe854078d1ac9338744f61a02 -> 
  custom:video-encoder-webm-vp8: eb34c28f22e8b96e1ab97ce403110664 -> 
  custom:audio-encoder-webm-vorbis: bf7c407c2cedff20999df2af8eb42d56 -> 
  custom:framework-win-MediaFoundation: 216162199b28c13a410421893ffa2e32 -> 
  custom:container-demuxer-ogg: 62fdf1f143b41e24485cea50d1cbac27 -> 
  custom:video-decoder-webm-vp8: 9c59270c3fd7afecdb556c50c9e8de78 -> 
  custom:audio-decoder-ogg-vorbis: bf7c407c2cedff20999df2af8eb42d56 -> 
========================================================================
Received Prepare
Registering precompiled user dll's ...
Registered in 0.008267 seconds.
Begin MonoManager ReloadAssembly
Symbol file LoadedFromMemory doesn't match image D:\Gawala\Gawala\Gawala\Library\PackageCache\com.unity.visualscripting@1.7.8\Editor\VisualScripting.Core\Dependencies\YamlDotNet\Unity.VisualScripting.YamlDotNet.dll
Symbol file LoadedFromMemory doesn't match image D:\Gawala\Gawala\Gawala\Library\PackageCache\com.unity.visualscripting@1.7.8\Editor\VisualScripting.Core\Dependencies\DotNetZip\Unity.VisualScripting.IonicZip.dll
Native extension for WindowsStandalone target not found
Native extension for Android target not found
Refreshing native plugins compatible for Editor in 0.86 ms, found 3 plugins.
Preloading 0 native plugins for Editor in 0.00 ms.
Mono: successfully reloaded assembly
- Completed reload, in  1.157 seconds
Domain Reload Profiling:
	ReloadAssembly (1158ms)
		BeginReloadAssembly (253ms)
			ExecutionOrderSort (0ms)
			DisableScriptedObjects (6ms)
			BackupInstance (0ms)
			ReleaseScriptingObjects (0ms)
			CreateAndSetChildDomain (119ms)
		EndReloadAssembly (804ms)
			LoadAssemblies (91ms)
			RebuildTransferFunctionScriptingTraits (0ms)
			SetupTypeCache (235ms)
			ReleaseScriptCaches (1ms)
			RebuildScriptCaches (48ms)
			SetupLoadedEditorAssemblies (396ms)
				LogAssemblyErrors (0ms)
				InitializePlatformSupportModulesInManaged (72ms)
				SetLoadedEditorAssemblies (1ms)
				RefreshPlugins (1ms)
				BeforeProcessingInitializeOnLoad (63ms)
				ProcessInitializeOnLoadAttributes (225ms)
				ProcessInitializeOnLoadMethodAttributes (32ms)
				AfterProcessingInitializeOnLoad (3ms)
				EditorAssembliesLoaded (0ms)
			ExecutionOrderSort2 (0ms)
			AwakeInstancesAfterBackupRestoration (9ms)
Platform modules already initialized, skipping
Refreshing native plugins compatible for Editor in 2.50 ms, found 3 plugins.
Preloading 0 native plugins for Editor in 0.00 ms.
Unloading 3479 Unused Serialized files (Serialized files now loaded: 0)
Unloading 33 unused Assets / (24.6 KB). Loaded Objects now: 3984.
Memory consumption went from 123.3 MB to 123.3 MB.
Total: 3.161000 ms (FindLiveObjects: 0.281700 ms CreateObjectMapping: 0.175200 ms MarkObjects: 2.674900 ms  DeleteObjects: 0.027900 ms)

AssetImportParameters requested are different than current active one (requested -> active):
  custom:video-decoder-ogg-theora: a1e56fd34408186e4bbccfd4996cb3dc -> 
  custom:container-muxer-webm: aa71ff27fc2769a1b78a27578f13a17b -> 
  custom:container-demuxer-webm: 4f35f7cbe854078d1ac9338744f61a02 -> 
  custom:video-encoder-webm-vp8: eb34c28f22e8b96e1ab97ce403110664 -> 
  custom:audio-encoder-webm-vorbis: bf7c407c2cedff20999df2af8eb42d56 -> 
  custom:framework-win-MediaFoundation: 216162199b28c13a410421893ffa2e32 -> 
  custom:container-demuxer-ogg: 62fdf1f143b41e24485cea50d1cbac27 -> 
  custom:video-decoder-webm-vp8: 9c59270c3fd7afecdb556c50c9e8de78 -> 
  custom:audio-decoder-ogg-vorbis: bf7c407c2cedff20999df2af8eb42d56 -> 
========================================================================
Received Prepare
Registering precompiled user dll's ...
Registered in 0.004768 seconds.
Begin MonoManager ReloadAssembly
Symbol file LoadedFromMemory doesn't match image D:\Gawala\Gawala\Gawala\Library\PackageCache\com.unity.visualscripting@1.7.8\Editor\VisualScripting.Core\Dependencies\YamlDotNet\Unity.VisualScripting.YamlDotNet.dll
Symbol file LoadedFromMemory doesn't match image D:\Gawala\Gawala\Gawala\Library\PackageCache\com.unity.visualscripting@1.7.8\Editor\VisualScripting.Core\Dependencies\DotNetZip\Unity.VisualScripting.IonicZip.dll
Native extension for WindowsStandalone target not found
Native extension for Android target not found
Refreshing native plugins compatible for Editor in 1.59 ms, found 3 plugins.
Preloading 0 native plugins for Editor in 0.00 ms.
Mono: successfully reloaded assembly
- Completed reload, in  1.117 seconds
Domain Reload Profiling:
	ReloadAssembly (1118ms)
		BeginReloadAssembly (138ms)
			ExecutionOrderSort (0ms)
			DisableScriptedObjects (6ms)
			BackupInstance (0ms)
			ReleaseScriptingObjects (0ms)
			CreateAndSetChildDomain (32ms)
		EndReloadAssembly (863ms)
			LoadAssemblies (100ms)
			RebuildTransferFunctionScriptingTraits (0ms)
			SetupTypeCache (285ms)
			ReleaseScriptCaches (1ms)
			RebuildScriptCaches (45ms)
			SetupLoadedEditorAssemblies (386ms)
				LogAssemblyErrors (0ms)
				InitializePlatformSupportModulesInManaged (24ms)
				SetLoadedEditorAssemblies (1ms)
				RefreshPlugins (2ms)
				BeforeProcessingInitializeOnLoad (71ms)
				ProcessInitializeOnLoadAttributes (247ms)
				ProcessInitializeOnLoadMethodAttributes (39ms)
				AfterProcessingInitializeOnLoad (3ms)
				EditorAssembliesLoaded (0ms)
			ExecutionOrderSort2 (0ms)
			AwakeInstancesAfterBackupRestoration (7ms)
Platform modules already initialized, skipping
Refreshing native plugins compatible for Editor in 3.60 ms, found 3 plugins.
Preloading 0 native plugins for Editor in 0.00 ms.
Unloading 3479 Unused Serialized files (Serialized files now loaded: 0)
Unloading 33 unused Assets / (24.6 KB). Loaded Objects now: 3987.
Memory consumption went from 123.2 MB to 123.2 MB.
Total: 4.477500 ms (FindLiveObjects: 0.435000 ms CreateObjectMapping: 0.524300 ms MarkObjects: 3.485100 ms  DeleteObjects: 0.031600 ms)

AssetImportParameters requested are different than current active one (requested -> active):
  custom:video-decoder-ogg-theora: a1e56fd34408186e4bbccfd4996cb3dc -> 
  custom:container-muxer-webm: aa71ff27fc2769a1b78a27578f13a17b -> 
  custom:container-demuxer-webm: 4f35f7cbe854078d1ac9338744f61a02 -> 
  custom:video-encoder-webm-vp8: eb34c28f22e8b96e1ab97ce403110664 -> 
  custom:audio-encoder-webm-vorbis: bf7c407c2cedff20999df2af8eb42d56 -> 
  custom:framework-win-MediaFoundation: 216162199b28c13a410421893ffa2e32 -> 
  custom:container-demuxer-ogg: 62fdf1f143b41e24485cea50d1cbac27 -> 
  custom:video-decoder-webm-vp8: 9c59270c3fd7afecdb556c50c9e8de78 -> 
  custom:audio-decoder-ogg-vorbis: bf7c407c2cedff20999df2af8eb42d56 -> 
========================================================================
Received Prepare
Registering precompiled user dll's ...
Registered in 0.005524 seconds.
Begin MonoManager ReloadAssembly
Symbol file LoadedFromMemory doesn't match image D:\Gawala\Gawala\Gawala\Library\PackageCache\com.unity.visualscripting@1.7.8\Editor\VisualScripting.Core\Dependencies\YamlDotNet\Unity.VisualScripting.YamlDotNet.dll
Symbol file LoadedFromMemory doesn't match image D:\Gawala\Gawala\Gawala\Library\PackageCache\com.unity.visualscripting@1.7.8\Editor\VisualScripting.Core\Dependencies\DotNetZip\Unity.VisualScripting.IonicZip.dll
Native extension for WindowsStandalone target not found
Native extension for Android target not found
Refreshing native plugins compatible for Editor in 0.72 ms, found 3 plugins.
Preloading 0 native plugins for Editor in 0.00 ms.
Mono: successfully reloaded assembly
- Completed reload, in  1.095 seconds
Domain Reload Profiling:
	ReloadAssembly (1096ms)
		BeginReloadAssembly (151ms)
			ExecutionOrderSort (0ms)
			DisableScriptedObjects (7ms)
			BackupInstance (0ms)
			ReleaseScriptingObjects (0ms)
			CreateAndSetChildDomain (40ms)
		EndReloadAssembly (841ms)
			LoadAssemblies (98ms)
			RebuildTransferFunctionScriptingTraits (0ms)
			SetupTypeCache (267ms)
			ReleaseScriptCaches (1ms)
			RebuildScriptCaches (48ms)
			SetupLoadedEditorAssemblies (385ms)
				LogAssemblyErrors (0ms)
				InitializePlatformSupportModulesInManaged (25ms)
				SetLoadedEditorAssemblies (1ms)
				RefreshPlugins (1ms)
				BeforeProcessingInitializeOnLoad (66ms)
				ProcessInitializeOnLoadAttributes (244ms)
				ProcessInitializeOnLoadMethodAttributes (43ms)
				AfterProcessingInitializeOnLoad (4ms)
				EditorAssembliesLoaded (0ms)
			ExecutionOrderSort2 (0ms)
			AwakeInstancesAfterBackupRestoration (7ms)
Platform modules already initialized, skipping
Refreshing native plugins compatible for Editor in 2.25 ms, found 3 plugins.
Preloading 0 native plugins for Editor in 0.00 ms.
Unloading 3479 Unused Serialized files (Serialized files now loaded: 0)
Unloading 33 unused Assets / (25.7 KB). Loaded Objects now: 3990.
Memory consumption went from 123.3 MB to 123.3 MB.
Total: 2.663400 ms (FindLiveObjects: 0.288700 ms CreateObjectMapping: 0.176900 ms MarkObjects: 2.168900 ms  DeleteObjects: 0.027900 ms)

AssetImportParameters requested are different than current active one (requested -> active):
  custom:video-decoder-ogg-theora: a1e56fd34408186e4bbccfd4996cb3dc -> 
  custom:container-muxer-webm: aa71ff27fc2769a1b78a27578f13a17b -> 
  custom:container-demuxer-webm: 4f35f7cbe854078d1ac9338744f61a02 -> 
  custom:video-encoder-webm-vp8: eb34c28f22e8b96e1ab97ce403110664 -> 
  custom:audio-encoder-webm-vorbis: bf7c407c2cedff20999df2af8eb42d56 -> 
  custom:framework-win-MediaFoundation: 216162199b28c13a410421893ffa2e32 -> 
  custom:container-demuxer-ogg: 62fdf1f143b41e24485cea50d1cbac27 -> 
  custom:video-decoder-webm-vp8: 9c59270c3fd7afecdb556c50c9e8de78 -> 
  custom:audio-decoder-ogg-vorbis: bf7c407c2cedff20999df2af8eb42d56 -> 
========================================================================
Received Prepare
Registering precompiled user dll's ...
Registered in 0.003481 seconds.
Begin MonoManager ReloadAssembly
Symbol file LoadedFromMemory doesn't match image D:\Gawala\Gawala\Gawala\Library\PackageCache\com.unity.visualscripting@1.7.8\Editor\VisualScripting.Core\Dependencies\YamlDotNet\Unity.VisualScripting.YamlDotNet.dll
Symbol file LoadedFromMemory doesn't match image D:\Gawala\Gawala\Gawala\Library\PackageCache\com.unity.visualscripting@1.7.8\Editor\VisualScripting.Core\Dependencies\DotNetZip\Unity.VisualScripting.IonicZip.dll
Native extension for WindowsStandalone target not found
Native extension for Android target not found
Refreshing native plugins compatible for Editor in 0.64 ms, found 3 plugins.
Preloading 0 native plugins for Editor in 0.00 ms.
Mono: successfully reloaded assembly
- Completed reload, in  1.272 seconds
Domain Reload Profiling:
	ReloadAssembly (1273ms)
		BeginReloadAssembly (173ms)
			ExecutionOrderSort (0ms)
			DisableScriptedObjects (9ms)
			BackupInstance (0ms)
			ReleaseScriptingObjects (0ms)
			CreateAndSetChildDomain (49ms)
		EndReloadAssembly (976ms)
			LoadAssemblies (123ms)
			RebuildTransferFunctionScriptingTraits (0ms)
			SetupTypeCache (306ms)
			ReleaseScriptCaches (2ms)
			RebuildScriptCaches (62ms)
			SetupLoadedEditorAssemblies (436ms)
				LogAssemblyErrors (0ms)
				InitializePlatformSupportModulesInManaged (27ms)
				SetLoadedEditorAssemblies (1ms)
				RefreshPlugins (1ms)
				BeforeProcessingInitializeOnLoad (89ms)
				ProcessInitializeOnLoadAttributes (277ms)
				ProcessInitializeOnLoadMethodAttributes (38ms)
				AfterProcessingInitializeOnLoad (3ms)
				EditorAssembliesLoaded (0ms)
			ExecutionOrderSort2 (0ms)
			AwakeInstancesAfterBackupRestoration (9ms)
Platform modules already initialized, skipping
Refreshing native plugins compatible for Editor in 3.71 ms, found 3 plugins.
Preloading 0 native plugins for Editor in 0.00 ms.
Unloading 3479 Unused Serialized files (Serialized files now loaded: 0)
Unloading 33 unused Assets / (24.8 KB). Loaded Objects now: 3993.
Memory consumption went from 123.3 MB to 123.3 MB.
Total: 3.539700 ms (FindLiveObjects: 0.504100 ms CreateObjectMapping: 0.221100 ms MarkObjects: 2.768200 ms  DeleteObjects: 0.045300 ms)

AssetImportParameters requested are different than current active one (requested -> active):
  custom:video-decoder-ogg-theora: a1e56fd34408186e4bbccfd4996cb3dc -> 
  custom:container-muxer-webm: aa71ff27fc2769a1b78a27578f13a17b -> 
  custom:container-demuxer-webm: 4f35f7cbe854078d1ac9338744f61a02 -> 
  custom:video-encoder-webm-vp8: eb34c28f22e8b96e1ab97ce403110664 -> 
  custom:audio-encoder-webm-vorbis: bf7c407c2cedff20999df2af8eb42d56 -> 
  custom:framework-win-MediaFoundation: 216162199b28c13a410421893ffa2e32 -> 
  custom:container-demuxer-ogg: 62fdf1f143b41e24485cea50d1cbac27 -> 
  custom:video-decoder-webm-vp8: 9c59270c3fd7afecdb556c50c9e8de78 -> 
  custom:audio-decoder-ogg-vorbis: bf7c407c2cedff20999df2af8eb42d56 -> 
========================================================================
Received Prepare
Registering precompiled user dll's ...
Registered in 0.003636 seconds.
Begin MonoManager ReloadAssembly
Symbol file LoadedFromMemory doesn't match image D:\Gawala\Gawala\Gawala\Library\PackageCache\com.unity.visualscripting@1.7.8\Editor\VisualScripting.Core\Dependencies\YamlDotNet\Unity.VisualScripting.YamlDotNet.dll
Symbol file LoadedFromMemory doesn't match image D:\Gawala\Gawala\Gawala\Library\PackageCache\com.unity.visualscripting@1.7.8\Editor\VisualScripting.Core\Dependencies\DotNetZip\Unity.VisualScripting.IonicZip.dll
Native extension for WindowsStandalone target not found
Native extension for Android target not found
Refreshing native plugins compatible for Editor in 1.73 ms, found 3 plugins.
Preloading 0 native plugins for Editor in 0.00 ms.
Mono: successfully reloaded assembly
- Completed reload, in  1.046 seconds
Domain Reload Profiling:
	ReloadAssembly (1047ms)
		BeginReloadAssembly (142ms)
			ExecutionOrderSort (0ms)
			DisableScriptedObjects (5ms)
			BackupInstance (0ms)
			ReleaseScriptingObjects (0ms)
			CreateAndSetChildDomain (35ms)
		EndReloadAssembly (813ms)
			LoadAssemblies (102ms)
			RebuildTransferFunctionScriptingTraits (0ms)
			SetupTypeCache (223ms)
			ReleaseScriptCaches (1ms)
			RebuildScriptCaches (39ms)
			SetupLoadedEditorAssemblies (422ms)
				LogAssemblyErrors (0ms)
				InitializePlatformSupportModulesInManaged (19ms)
				SetLoadedEditorAssemblies (1ms)
				RefreshPlugins (2ms)
				BeforeProcessingInitializeOnLoad (79ms)
				ProcessInitializeOnLoadAttributes (278ms)
				ProcessInitializeOnLoadMethodAttributes (38ms)
				AfterProcessingInitializeOnLoad (4ms)
				EditorAssembliesLoaded (0ms)
			ExecutionOrderSort2 (0ms)
			AwakeInstancesAfterBackupRestoration (9ms)
Platform modules already initialized, skipping
Refreshing native plugins compatible for Editor in 3.71 ms, found 3 plugins.
Preloading 0 native plugins for Editor in 0.00 ms.
Unloading 3479 Unused Serialized files (Serialized files now loaded: 0)
Unloading 33 unused Assets / (25.7 KB). Loaded Objects now: 3996.
Memory consumption went from 123.3 MB to 123.3 MB.
Total: 3.907300 ms (FindLiveObjects: 0.309600 ms CreateObjectMapping: 0.179200 ms MarkObjects: 3.388100 ms  DeleteObjects: 0.029600 ms)

AssetImportParameters requested are different than current active one (requested -> active):
  custom:video-decoder-ogg-theora: a1e56fd34408186e4bbccfd4996cb3dc -> 
  custom:container-muxer-webm: aa71ff27fc2769a1b78a27578f13a17b -> 
  custom:container-demuxer-webm: 4f35f7cbe854078d1ac9338744f61a02 -> 
  custom:video-encoder-webm-vp8: eb34c28f22e8b96e1ab97ce403110664 -> 
  custom:audio-encoder-webm-vorbis: bf7c407c2cedff20999df2af8eb42d56 -> 
  custom:framework-win-MediaFoundation: 216162199b28c13a410421893ffa2e32 -> 
  custom:container-demuxer-ogg: 62fdf1f143b41e24485cea50d1cbac27 -> 
  custom:video-decoder-webm-vp8: 9c59270c3fd7afecdb556c50c9e8de78 -> 
  custom:audio-decoder-ogg-vorbis: bf7c407c2cedff20999df2af8eb42d56 -> 
========================================================================
Received Prepare
Registering precompiled user dll's ...
Registered in 0.003774 seconds.
Begin MonoManager ReloadAssembly
Symbol file LoadedFromMemory doesn't match image D:\Gawala\Gawala\Gawala\Library\PackageCache\com.unity.visualscripting@1.7.8\Editor\VisualScripting.Core\Dependencies\YamlDotNet\Unity.VisualScripting.YamlDotNet.dll
Symbol file LoadedFromMemory doesn't match image D:\Gawala\Gawala\Gawala\Library\PackageCache\com.unity.visualscripting@1.7.8\Editor\VisualScripting.Core\Dependencies\DotNetZip\Unity.VisualScripting.IonicZip.dll
Native extension for WindowsStandalone target not found
Native extension for Android target not found
Refreshing native plugins compatible for Editor in 0.80 ms, found 3 plugins.
Preloading 0 native plugins for Editor in 0.00 ms.
Mono: successfully reloaded assembly
- Completed reload, in  1.005 seconds
Domain Reload Profiling:
	ReloadAssembly (1006ms)
		BeginReloadAssembly (136ms)
			ExecutionOrderSort (0ms)
			DisableScriptedObjects (5ms)
			BackupInstance (0ms)
			ReleaseScriptingObjects (0ms)
			CreateAndSetChildDomain (39ms)
		EndReloadAssembly (774ms)
			LoadAssemblies (86ms)
			RebuildTransferFunctionScriptingTraits (0ms)
			SetupTypeCache (227ms)
			ReleaseScriptCaches (2ms)
			RebuildScriptCaches (43ms)
			SetupLoadedEditorAssemblies (376ms)
				LogAssemblyErrors (0ms)
				InitializePlatformSupportModulesInManaged (20ms)
				SetLoadedEditorAssemblies (0ms)
				RefreshPlugins (1ms)
				BeforeProcessingInitializeOnLoad (58ms)
				ProcessInitializeOnLoadAttributes (256ms)
				ProcessInitializeOnLoadMethodAttributes (36ms)
				AfterProcessingInitializeOnLoad (4ms)
				EditorAssembliesLoaded (1ms)
			ExecutionOrderSort2 (0ms)
			AwakeInstancesAfterBackupRestoration (9ms)
Platform modules already initialized, skipping
Refreshing native plugins compatible for Editor in 3.42 ms, found 3 plugins.
Preloading 0 native plugins for Editor in 0.00 ms.
Unloading 3479 Unused Serialized files (Serialized files now loaded: 0)
Unloading 33 unused Assets / (25.7 KB). Loaded Objects now: 3999.
Memory consumption went from 123.4 MB to 123.3 MB.
Total: 7.814500 ms (FindLiveObjects: 1.871800 ms CreateObjectMapping: 1.476700 ms MarkObjects: 4.433200 ms  DeleteObjects: 0.031900 ms)

AssetImportParameters requested are different than current active one (requested -> active):
  custom:video-decoder-ogg-theora: a1e56fd34408186e4bbccfd4996cb3dc -> 
  custom:container-muxer-webm: aa71ff27fc2769a1b78a27578f13a17b -> 
  custom:container-demuxer-webm: 4f35f7cbe854078d1ac9338744f61a02 -> 
  custom:video-encoder-webm-vp8: eb34c28f22e8b96e1ab97ce403110664 -> 
  custom:audio-encoder-webm-vorbis: bf7c407c2cedff20999df2af8eb42d56 -> 
  custom:framework-win-MediaFoundation: 216162199b28c13a410421893ffa2e32 -> 
  custom:container-demuxer-ogg: 62fdf1f143b41e24485cea50d1cbac27 -> 
  custom:video-decoder-webm-vp8: 9c59270c3fd7afecdb556c50c9e8de78 -> 
  custom:audio-decoder-ogg-vorbis: bf7c407c2cedff20999df2af8eb42d56 -> 
========================================================================
Received Prepare
Registering precompiled user dll's ...
Registered in 0.005314 seconds.
Begin MonoManager ReloadAssembly
Symbol file LoadedFromMemory doesn't match image D:\Gawala\Gawala\Gawala\Library\PackageCache\com.unity.visualscripting@1.7.8\Editor\VisualScripting.Core\Dependencies\YamlDotNet\Unity.VisualScripting.YamlDotNet.dll
Symbol file LoadedFromMemory doesn't match image D:\Gawala\Gawala\Gawala\Library\PackageCache\com.unity.visualscripting@1.7.8\Editor\VisualScripting.Core\Dependencies\DotNetZip\Unity.VisualScripting.IonicZip.dll
Native extension for WindowsStandalone target not found
Native extension for Android target not found
Refreshing native plugins compatible for Editor in 0.98 ms, found 3 plugins.
Preloading 0 native plugins for Editor in 0.00 ms.
Mono: successfully reloaded assembly
- Completed reload, in  1.058 seconds
Domain Reload Profiling:
	ReloadAssembly (1059ms)
		BeginReloadAssembly (139ms)
			ExecutionOrderSort (0ms)
			DisableScriptedObjects (6ms)
			BackupInstance (0ms)
			ReleaseScriptingObjects (0ms)
			CreateAndSetChildDomain (32ms)
		EndReloadAssembly (825ms)
			LoadAssemblies (101ms)
			RebuildTransferFunctionScriptingTraits (0ms)
			SetupTypeCache (220ms)
			ReleaseScriptCaches (1ms)
			RebuildScriptCaches (38ms)
			SetupLoadedEditorAssemblies (427ms)
				LogAssemblyErrors (0ms)
				InitializePlatformSupportModulesInManaged (34ms)
				SetLoadedEditorAssemblies (1ms)
				RefreshPlugins (1ms)
				BeforeProcessingInitializeOnLoad (75ms)
				ProcessInitializeOnLoadAttributes (271ms)
				ProcessInitializeOnLoadMethodAttributes (41ms)
				AfterProcessingInitializeOnLoad (3ms)
				EditorAssembliesLoaded (0ms)
			ExecutionOrderSort2 (0ms)
			AwakeInstancesAfterBackupRestoration (10ms)
Platform modules already initialized, skipping
Refreshing native plugins compatible for Editor in 2.95 ms, found 3 plugins.
Preloading 0 native plugins for Editor in 0.00 ms.
Unloading 3479 Unused Serialized files (Serialized files now loaded: 0)
Unloading 33 unused Assets / (24.7 KB). Loaded Objects now: 4002.
Memory consumption went from 123.3 MB to 123.2 MB.
Total: 3.613900 ms (FindLiveObjects: 0.275800 ms CreateObjectMapping: 0.233200 ms MarkObjects: 3.057300 ms  DeleteObjects: 0.046200 ms)

AssetImportParameters requested are different than current active one (requested -> active):
  custom:video-decoder-ogg-theora: a1e56fd34408186e4bbccfd4996cb3dc -> 
  custom:container-muxer-webm: aa71ff27fc2769a1b78a27578f13a17b -> 
  custom:container-demuxer-webm: 4f35f7cbe854078d1ac9338744f61a02 -> 
  custom:video-encoder-webm-vp8: eb34c28f22e8b96e1ab97ce403110664 -> 
  custom:audio-encoder-webm-vorbis: bf7c407c2cedff20999df2af8eb42d56 -> 
  custom:framework-win-MediaFoundation: 216162199b28c13a410421893ffa2e32 -> 
  custom:container-demuxer-ogg: 62fdf1f143b41e24485cea50d1cbac27 -> 
  custom:video-decoder-webm-vp8: 9c59270c3fd7afecdb556c50c9e8de78 -> 
  custom:audio-decoder-ogg-vorbis: bf7c407c2cedff20999df2af8eb42d56 -> 
